[2025-08-04T13:00:41.362+0700] {local_task_job_runner.py:120} INFO - ::group::Pre task execution logs
[2025-08-04T13:00:41.383+0700] {taskinstance.py:2076} INFO - Dependencies all met for dep_context=non-requeueable deps ti=<TaskInstance: stress_detection_complete_pipeline.retrieve_data_from_drive manual__2025-08-04T06:00:08.798907+00:00 [queued]>
[2025-08-04T13:00:41.388+0700] {taskinstance.py:2076} INFO - Dependencies all met for dep_context=requeueable deps ti=<TaskInstance: stress_detection_complete_pipeline.retrieve_data_from_drive manual__2025-08-04T06:00:08.798907+00:00 [queued]>
[2025-08-04T13:00:41.389+0700] {taskinstance.py:2306} INFO - Starting attempt 1 of 3
[2025-08-04T13:00:41.398+0700] {taskinstance.py:2330} INFO - Executing <Task(PythonOperator): retrieve_data_from_drive> on 2025-08-04 06:00:08.798907+00:00
[2025-08-04T13:00:41.403+0700] {standard_task_runner.py:63} INFO - Started process 325 to run task
[2025-08-04T13:00:41.406+0700] {standard_task_runner.py:90} INFO - Running: ['***', 'tasks', 'run', 'stress_detection_complete_pipeline', 'retrieve_data_from_drive', 'manual__2025-08-04T06:00:08.798907+00:00', '--job-id', '13', '--raw', '--subdir', 'DAGS_FOLDER/stress_detection_complete_pipeline.py', '--cfg-path', '/tmp/tmpli4oguql']
[2025-08-04T13:00:41.409+0700] {standard_task_runner.py:91} INFO - Job 13: Subtask retrieve_data_from_drive
[2025-08-04T13:00:41.465+0700] {task_command.py:426} INFO - Running <TaskInstance: stress_detection_complete_pipeline.retrieve_data_from_drive manual__2025-08-04T06:00:08.798907+00:00 [running]> on host 16f3fd804e12
[2025-08-04T13:00:41.558+0700] {taskinstance.py:2648} INFO - Exporting env vars: AIRFLOW_CTX_DAG_OWNER='data-team' AIRFLOW_CTX_DAG_ID='stress_detection_complete_pipeline' AIRFLOW_CTX_TASK_ID='retrieve_data_from_drive' AIRFLOW_CTX_EXECUTION_DATE='2025-08-04T06:00:08.798907+00:00' AIRFLOW_CTX_TRY_NUMBER='1' AIRFLOW_CTX_DAG_RUN_ID='manual__2025-08-04T06:00:08.798907+00:00'
[2025-08-04T13:00:41.560+0700] {taskinstance.py:430} INFO - ::endgroup::
[2025-08-04T13:00:41.568+0700] {logging_mixin.py:188} INFO - 📥 Loading data from local file...
[2025-08-04T13:00:41.737+0700] {logging_mixin.py:188} INFO - ✅ Data loaded successfully. Shape: (290, 30)
[2025-08-04T13:00:41.752+0700] {logging_mixin.py:188} INFO - 📄 Data saved to temporary CSV file.
[2025-08-04T13:00:41.753+0700] {python.py:237} INFO - Done. Returned value was: /opt/***/data/temp_raw_data.csv
[2025-08-04T13:00:41.754+0700] {taskinstance.py:441} INFO - ::group::Post task execution logs
[2025-08-04T13:00:41.777+0700] {taskinstance.py:1206} INFO - Marking task as SUCCESS. dag_id=stress_detection_complete_pipeline, task_id=retrieve_data_from_drive, run_id=manual__2025-08-04T06:00:08.798907+00:00, execution_date=20250804T060008, start_date=20250804T060041, end_date=20250804T060041
[2025-08-04T13:00:41.821+0700] {local_task_job_runner.py:240} INFO - Task exited with return code 0
[2025-08-04T13:00:41.841+0700] {taskinstance.py:3498} INFO - 1 downstream tasks scheduled from follow-on schedule check
[2025-08-04T13:00:41.844+0700] {local_task_job_runner.py:222} INFO - ::endgroup::
