[2025-08-04T13:00:38.500+0700] {local_task_job_runner.py:120} INFO - ::group::Pre task execution logs
[2025-08-04T13:00:38.529+0700] {taskinstance.py:2076} INFO - Dependencies all met for dep_context=non-requeueable deps ti=<TaskInstance: stress_detection_complete_pipeline.cleanup_temp_files manual__2025-08-04T05:55:44.236284+00:00 [queued]>
[2025-08-04T13:00:38.536+0700] {taskinstance.py:2076} INFO - Dependencies all met for dep_context=requeueable deps ti=<TaskInstance: stress_detection_complete_pipeline.cleanup_temp_files manual__2025-08-04T05:55:44.236284+00:00 [queued]>
[2025-08-04T13:00:38.537+0700] {taskinstance.py:2306} INFO - Starting attempt 1 of 3
[2025-08-04T13:00:38.550+0700] {taskinstance.py:2330} INFO - Executing <Task(PythonOperator): cleanup_temp_files> on 2025-08-04 05:55:44.236284+00:00
[2025-08-04T13:00:38.555+0700] {standard_task_runner.py:63} INFO - Started process 319 to run task
[2025-08-04T13:00:38.558+0700] {standard_task_runner.py:90} INFO - Running: ['***', 'tasks', 'run', 'stress_detection_complete_pipeline', 'cleanup_temp_files', 'manual__2025-08-04T05:55:44.236284+00:00', '--job-id', '11', '--raw', '--subdir', 'DAGS_FOLDER/stress_detection_complete_pipeline.py', '--cfg-path', '/tmp/tmpgajxjkpf']
[2025-08-04T13:00:38.561+0700] {standard_task_runner.py:91} INFO - Job 11: Subtask cleanup_temp_files
[2025-08-04T13:00:38.642+0700] {task_command.py:426} INFO - Running <TaskInstance: stress_detection_complete_pipeline.cleanup_temp_files manual__2025-08-04T05:55:44.236284+00:00 [running]> on host 16f3fd804e12
[2025-08-04T13:00:38.728+0700] {taskinstance.py:2648} INFO - Exporting env vars: AIRFLOW_CTX_DAG_OWNER='data-team' AIRFLOW_CTX_DAG_ID='stress_detection_complete_pipeline' AIRFLOW_CTX_TASK_ID='cleanup_temp_files' AIRFLOW_CTX_EXECUTION_DATE='2025-08-04T05:55:44.236284+00:00' AIRFLOW_CTX_TRY_NUMBER='1' AIRFLOW_CTX_DAG_RUN_ID='manual__2025-08-04T05:55:44.236284+00:00'
[2025-08-04T13:00:38.730+0700] {taskinstance.py:430} INFO - ::endgroup::
[2025-08-04T13:00:38.745+0700] {logging_mixin.py:188} INFO - 🗑️ Removed temp file: /opt/***/data/temp_raw_data.csv
[2025-08-04T13:00:38.751+0700] {logging_mixin.py:188} INFO - 🗑️ Removed temp file: /opt/***/data/temp_renamed_data.csv
[2025-08-04T13:00:38.753+0700] {logging_mixin.py:188} INFO - 🗑️ Removed temp file: /opt/***/data/temp_pss_data.csv
[2025-08-04T13:00:38.756+0700] {logging_mixin.py:188} INFO - 🗑️ Removed temp file: /opt/***/data/temp_checked_data.csv
[2025-08-04T13:00:38.757+0700] {logging_mixin.py:188} INFO - ✅ Cleanup completed.
[2025-08-04T13:00:38.758+0700] {python.py:237} INFO - Done. Returned value was: None
[2025-08-04T13:00:38.758+0700] {taskinstance.py:441} INFO - ::group::Post task execution logs
[2025-08-04T13:00:38.768+0700] {taskinstance.py:1206} INFO - Marking task as SUCCESS. dag_id=stress_detection_complete_pipeline, task_id=cleanup_temp_files, run_id=manual__2025-08-04T05:55:44.236284+00:00, execution_date=20250804T055544, start_date=20250804T060038, end_date=20250804T060038
[2025-08-04T13:00:38.811+0700] {local_task_job_runner.py:240} INFO - Task exited with return code 0
[2025-08-04T13:00:38.826+0700] {taskinstance.py:3498} INFO - 0 downstream tasks scheduled from follow-on schedule check
[2025-08-04T13:00:38.830+0700] {local_task_job_runner.py:222} INFO - ::endgroup::
