[2025-08-04T13:00:52.687+0700] {local_task_job_runner.py:120} INFO - ::group::Pre task execution logs
[2025-08-04T13:00:52.716+0700] {taskinstance.py:2076} INFO - Dependencies all met for dep_context=non-requeueable deps ti=<TaskInstance: stress_detection_complete_pipeline.cleanup_temp_files manual__2025-08-04T06:00:08.798907+00:00 [queued]>
[2025-08-04T13:00:52.725+0700] {taskinstance.py:2076} INFO - Dependencies all met for dep_context=requeueable deps ti=<TaskInstance: stress_detection_complete_pipeline.cleanup_temp_files manual__2025-08-04T06:00:08.798907+00:00 [queued]>
[2025-08-04T13:00:52.727+0700] {taskinstance.py:2306} INFO - Starting attempt 1 of 3
[2025-08-04T13:00:52.741+0700] {taskinstance.py:2330} INFO - Executing <Task(PythonOperator): cleanup_temp_files> on 2025-08-04 06:00:08.798907+00:00
[2025-08-04T13:00:52.747+0700] {standard_task_runner.py:63} INFO - Started process 424 to run task
[2025-08-04T13:00:52.752+0700] {standard_task_runner.py:90} INFO - Running: ['***', 'tasks', 'run', 'stress_detection_complete_pipeline', 'cleanup_temp_files', 'manual__2025-08-04T06:00:08.798907+00:00', '--job-id', '19', '--raw', '--subdir', 'DAGS_FOLDER/stress_detection_complete_pipeline.py', '--cfg-path', '/tmp/tmpj0_bnzt1']
[2025-08-04T13:00:52.754+0700] {standard_task_runner.py:91} INFO - Job 19: Subtask cleanup_temp_files
[2025-08-04T13:00:52.842+0700] {task_command.py:426} INFO - Running <TaskInstance: stress_detection_complete_pipeline.cleanup_temp_files manual__2025-08-04T06:00:08.798907+00:00 [running]> on host 16f3fd804e12
[2025-08-04T13:00:52.950+0700] {taskinstance.py:2648} INFO - Exporting env vars: AIRFLOW_CTX_DAG_OWNER='data-team' AIRFLOW_CTX_DAG_ID='stress_detection_complete_pipeline' AIRFLOW_CTX_TASK_ID='cleanup_temp_files' AIRFLOW_CTX_EXECUTION_DATE='2025-08-04T06:00:08.798907+00:00' AIRFLOW_CTX_TRY_NUMBER='1' AIRFLOW_CTX_DAG_RUN_ID='manual__2025-08-04T06:00:08.798907+00:00'
[2025-08-04T13:00:52.952+0700] {taskinstance.py:430} INFO - ::endgroup::
[2025-08-04T13:00:52.972+0700] {logging_mixin.py:188} INFO - 🗑️ Removed temp file: /opt/***/data/temp_raw_data.csv
[2025-08-04T13:00:52.977+0700] {logging_mixin.py:188} INFO - 🗑️ Removed temp file: /opt/***/data/temp_renamed_data.csv
[2025-08-04T13:00:52.982+0700] {logging_mixin.py:188} INFO - 🗑️ Removed temp file: /opt/***/data/temp_pss_data.csv
[2025-08-04T13:00:52.987+0700] {logging_mixin.py:188} INFO - 🗑️ Removed temp file: /opt/***/data/temp_checked_data.csv
[2025-08-04T13:00:52.989+0700] {logging_mixin.py:188} INFO - ✅ Cleanup completed.
[2025-08-04T13:00:52.990+0700] {python.py:237} INFO - Done. Returned value was: None
[2025-08-04T13:00:52.991+0700] {taskinstance.py:441} INFO - ::group::Post task execution logs
[2025-08-04T13:00:53.004+0700] {taskinstance.py:1206} INFO - Marking task as SUCCESS. dag_id=stress_detection_complete_pipeline, task_id=cleanup_temp_files, run_id=manual__2025-08-04T06:00:08.798907+00:00, execution_date=20250804T060008, start_date=20250804T060052, end_date=20250804T060053
[2025-08-04T13:00:53.047+0700] {local_task_job_runner.py:240} INFO - Task exited with return code 0
[2025-08-04T13:00:53.070+0700] {taskinstance.py:3498} INFO - 0 downstream tasks scheduled from follow-on schedule check
[2025-08-04T13:00:53.074+0700] {local_task_job_runner.py:222} INFO - ::endgroup::
